<?xml version="1.0" encoding="UTF-8"?>
<!-- Generated by org.testng.reporters.JUnitXMLReporter -->
<testsuite ignored="0" hostname="LAPTOP-VAHD59TG" failures="0" tests="3" name="Default test" time="0.046" errors="0" timestamp="2024-04-01T19:38:46 IST">
  <testcase classname="Worldline.Assessment_2.AppTest" name="testEven" time="0.008"/>
  <testcase classname="Worldline.Assessment_2.AppTest" name="testOdd" time="0.001"/>
  <testcase classname="Worldline.Assessment_2.AppTest" name="testPrime" time="0.001"/>
</testsuite> <!-- Default test -->
